[2021-01-20 14:28:42,224] [autoreload.py:598] [autoreload:run_with_reloader] [INFO]- Watching for file changes with StatReloader
[2021-01-20 14:28:44,835] [log.py:228] [log:log_response] [WARNING]- Not Found: /
[2021-01-20 14:28:44,836] [basehttp.py:157] [basehttp:log_message] [WARNING]- "GET / HTTP/1.1" 404 2163
[2021-01-20 14:28:44,994] [log.py:228] [log:log_response] [WARNING]- Not Found: /favicon.ico
[2021-01-20 14:28:44,994] [basehttp.py:157] [basehttp:log_message] [WARNING]- "GET /favicon.ico HTTP/1.1" 404 2214
[2021-01-20 14:37:51,931] [autoreload.py:617] [autoreload:run_with_reloader] [INFO]- Watching for file changes with StatReloader
[2021-01-20 14:37:55,131] [log.py:230] [log:log_response] [WARNING]- Not Found: /
[2021-01-20 14:37:55,133] [basehttp.py:157] [basehttp:log_message] [WARNING]- "GET / HTTP/1.1" 404 2163
[2021-01-20 14:41:45,140] [autoreload.py:240] [autoreload:trigger_reload] [INFO]- /Users/echo/Documents/研究生/programming /project/START/BikeShareSystem/BikeShareSystem/settings.py changed, reloading.
[2021-01-20 14:41:45,744] [autoreload.py:617] [autoreload:run_with_reloader] [INFO]- Watching for file changes with StatReloader
[2021-01-20 14:42:45,548] [autoreload.py:617] [autoreload:run_with_reloader] [INFO]- Watching for file changes with StatReloader
[2021-01-20 14:42:47,366] [log.py:230] [log:log_response] [WARNING]- Not Found: /
[2021-01-20 14:42:47,367] [basehttp.py:157] [basehttp:log_message] [WARNING]- "GET / HTTP/1.1" 404 179
[2021-01-20 14:44:14,677] [autoreload.py:240] [autoreload:trigger_reload] [INFO]- /Users/echo/Documents/研究生/programming /project/START/BikeShareSystem/BikeShareSystem/settings.py changed, reloading.
[2021-01-20 14:44:15,252] [autoreload.py:617] [autoreload:run_with_reloader] [INFO]- Watching for file changes with StatReloader
[2021-01-20 14:44:17,933] [log.py:230] [log:log_response] [WARNING]- Not Found: /
[2021-01-20 14:44:17,933] [basehttp.py:157] [basehttp:log_message] [WARNING]- "GET / HTTP/1.1" 404 2163
[2021-01-20 14:44:43,761] [basehttp.py:157] [basehttp:log_message] [INFO]- "GET /admin HTTP/1.1" 301 0
[2021-01-20 14:44:43,785] [basehttp.py:157] [basehttp:log_message] [INFO]- "GET /admin/ HTTP/1.1" 302 0
[2021-01-20 14:44:43,833] [basehttp.py:157] [basehttp:log_message] [INFO]- "GET /admin/login/?next=/admin/ HTTP/1.1" 200 2194
[2021-01-20 14:44:43,886] [basehttp.py:157] [basehttp:log_message] [INFO]- "GET /static/admin/css/nav_sidebar.css HTTP/1.1" 200 2138
[2021-01-20 14:44:43,887] [basehttp.py:157] [basehttp:log_message] [INFO]- "GET /static/admin/css/base.css HTTP/1.1" 200 16307
[2021-01-20 14:44:43,887] [basehttp.py:157] [basehttp:log_message] [INFO]- "GET /static/admin/css/login.css HTTP/1.1" 200 1185
[2021-01-20 14:44:43,889] [basehttp.py:157] [basehttp:log_message] [INFO]- "GET /static/admin/js/nav_sidebar.js HTTP/1.1" 200 1360
[2021-01-20 14:44:43,889] [basehttp.py:157] [basehttp:log_message] [INFO]- "GET /static/admin/css/responsive.css HTTP/1.1" 200 18339
[2021-01-20 14:44:43,902] [basehttp.py:157] [basehttp:log_message] [INFO]- "GET /static/admin/css/fonts.css HTTP/1.1" 200 423
[2021-01-20 14:44:43,979] [basehttp.py:157] [basehttp:log_message] [INFO]- "GET /static/admin/fonts/Roboto-Light-webfont.woff HTTP/1.1" 200 85692
[2021-01-20 14:44:43,980] [basehttp.py:157] [basehttp:log_message] [INFO]- "GET /static/admin/fonts/Roboto-Regular-webfont.woff HTTP/1.1" 200 85876
[2021-01-20 14:47:05,839] [log.py:230] [log:log_response] [WARNING]- Not Found: /
[2021-01-20 14:47:05,839] [basehttp.py:157] [basehttp:log_message] [WARNING]- "GET / HTTP/1.1" 404 2163
[2021-01-20 14:47:19,015] [basehttp.py:157] [basehttp:log_message] [INFO]- "GET /initial HTTP/1.1" 301 0
[2021-01-20 14:47:19,019] [views.py:9] [views:initial_page] [INFO]- start!!!
[2021-01-20 14:47:19,022] [basehttp.py:157] [basehttp:log_message] [INFO]- "GET /initial/ HTTP/1.1" 200 16379
[2021-01-20 14:47:19,064] [basehttp.py:157] [basehttp:log_message] [INFO]- "GET /static/vendors/bootstrap/dist/css/bootstrap.min.css HTTP/1.1" 200 155758
[2021-01-20 14:47:19,070] [basehttp.py:157] [basehttp:log_message] [INFO]- "GET /static/vendors/font-awesome/css/font-awesome.min.css HTTP/1.1" 200 29063
[2021-01-20 14:47:19,078] [basehttp.py:157] [basehttp:log_message] [INFO]- "GET /static/vendors/nprogress/nprogress.css HTTP/1.1" 200 1458
[2021-01-20 14:47:19,082] [basehttp.py:157] [basehttp:log_message] [INFO]- "GET /static/vendors/nprogress/nprogress.js HTTP/1.1" 200 11565
[2021-01-20 14:47:19,086] [basehttp.py:157] [basehttp:log_message] [INFO]- "GET /static/vendors/fastclick/lib/fastclick.js HTTP/1.1" 200 25965
[2021-01-20 14:47:19,088] [basehttp.py:157] [basehttp:log_message] [INFO]- "GET /static/vendors/bootstrap/dist/js/bootstrap.bundle.min.js HTTP/1.1" 200 78635
[2021-01-20 14:47:19,089] [basehttp.py:157] [basehttp:log_message] [INFO]- "GET /static/vendors/jquery/dist/jquery.min.js HTTP/1.1" 200 85578
[2021-01-20 14:47:19,090] [basehttp.py:157] [basehttp:log_message] [INFO]- "GET /static/build/js/custom.min.js HTTP/1.1" 200 71554
[2021-01-20 14:47:19,090] [basehttp.py:157] [basehttp:log_message] [INFO]- "GET /static/build/css/custom.min.css HTTP/1.1" 200 80510
[2021-01-20 14:47:19,095] [basehttp.py:157] [basehttp:log_message] [INFO]- "GET /initial/media/images/img.jpg HTTP/1.1" 200 4077
[2021-01-20 14:47:19,214] [basehttp.py:157] [basehttp:log_message] [INFO]- "GET /static/vendors/font-awesome/fonts/fontawesome-webfont.woff2?v=4.6.3 HTTP/1.1" 200 71896
[2021-01-20 14:48:44,061] [log.py:230] [log:log_response] [WARNING]- Not Found: /initial/index.html
[2021-01-20 14:48:44,063] [basehttp.py:157] [basehttp:log_message] [WARNING]- "GET /initial/index.html HTTP/1.1" 404 2235
[2021-01-20 14:49:25,378] [basehttp.py:157] [basehttp:log_message] [INFO]- "GET /admin/ HTTP/1.1" 302 0
[2021-01-20 14:49:25,409] [basehttp.py:157] [basehttp:log_message] [INFO]- "GET /admin/login/?next=/admin/ HTTP/1.1" 200 2194
[2021-01-20 14:49:36,231] [basehttp.py:157] [basehttp:log_message] [INFO]- "GET /media HTTP/1.1" 301 0
[2021-01-20 14:49:36,242] [log.py:230] [log:log_response] [WARNING]- Not Found: /media/
[2021-01-20 14:49:36,243] [basehttp.py:157] [basehttp:log_message] [WARNING]- "GET /media/ HTTP/1.1" 404 1733
[2021-01-20 14:52:57,326] [views.py:9] [views:initial_page] [INFO]- start!!!
[2021-01-20 14:52:57,330] [basehttp.py:157] [basehttp:log_message] [INFO]- "GET /initial/ HTTP/1.1" 200 16379
